<?xml version="1.0" encoding="UTF-8"?>
<!-- Generated by org.testng.reporters.JUnitXMLReporter -->
<testsuite ignored="6" hostname="NFL-160" failures="0" tests="4" name="Test" time="50.656" errors="0" timestamp="2025-04-28T14:29:05 IST">
  <testcase classname="testPartnership.UCpartner" name="Customeronboarding" time="20.472"/>
  <testcase classname="testPartnership.UCpartner" name="createloan" time="3.704"/>
  <testcase classname="testPartnership.FINSALLUBLpartner" name="Customeronboarding" time="15.712"/>
  <testcase classname="testPartnership.FINSALLUBLpartner" name="createloan" time="10.732"/>
  <testcase classname="testPartnership.FINSALLUBLpartner" name="earlysettlement" time="0.0">
    <ignored/>
  </testcase> <!-- earlysettlement -->
  <testcase classname="testPartnership.FINSALLUBLpartner" name="status" time="0.0">
    <ignored/>
  </testcase> <!-- status -->
  <testcase classname="testPartnership.FINSALLUBLpartner" name="repayment" time="0.0">
    <ignored/>
  </testcase> <!-- repayment -->
  <testcase classname="testPartnership.UCpartner" name="repayment" time="0.0">
    <ignored/>
  </testcase> <!-- repayment -->
  <testcase classname="testPartnership.UCpartner" name="status" time="0.0">
    <ignored/>
  </testcase> <!-- status -->
  <testcase classname="testPartnership.UCpartner" name="earlysettlement" time="0.0">
    <ignored/>
  </testcase> <!-- earlysettlement -->
</testsuite> <!-- Test -->
