<?xml version="1.0" encoding="UTF-8"?>
<!-- Generated by org.testng.reporters.JUnitXMLReporter -->
<testsuite ignored="6" hostname="NFL-160" failures="0" tests="4" name="Test" time="32.563" errors="0" timestamp="2025-04-25T17:47:47 IST">
  <testcase classname="testPartnership.UCpartner" name="Customeronboarding" time="11.849"/>
  <testcase classname="testPartnership.UCpartner" name="createloan" time="2.011"/>
  <testcase classname="testPartnership.FINSALLUBLpartner" name="Customeronboarding" time="9.714"/>
  <testcase classname="testPartnership.FINSALLUBLpartner" name="createloan" time="8.95"/>
  <testcase classname="testPartnership.UCpartner" name="earlysettlement" time="0.0">
    <ignored/>
  </testcase> <!-- earlysettlement -->
  <testcase classname="testPartnership.UCpartner" name="repayment" time="0.0">
    <ignored/>
  </testcase> <!-- repayment -->
  <testcase classname="testPartnership.UCpartner" name="status" time="0.0">
    <ignored/>
  </testcase> <!-- status -->
  <testcase classname="testPartnership.FINSALLUBLpartner" name="earlysettlement" time="0.0">
    <ignored/>
  </testcase> <!-- earlysettlement -->
  <testcase classname="testPartnership.FINSALLUBLpartner" name="repayment" time="0.0">
    <ignored/>
  </testcase> <!-- repayment -->
  <testcase classname="testPartnership.FINSALLUBLpartner" name="status" time="0.0">
    <ignored/>
  </testcase> <!-- status -->
</testsuite> <!-- Test -->
