<?xml version="1.0" encoding="UTF-8"?>
<!-- Generated by org.testng.reporters.JUnitXMLReporter -->
<testsuite ignored="6" hostname="NFL-160" failures="0" tests="4" name="Test" time="55.352" errors="0" timestamp="2025-04-28T14:27:36 IST">
  <testcase classname="testPartnership.UCpartner" name="Customeronboarding" time="21.521"/>
  <testcase classname="testPartnership.UCpartner" name="createloan" time="3.476"/>
  <testcase classname="testPartnership.FINSALLUBLpartner" name="Customeronboarding" time="19.73"/>
  <testcase classname="testPartnership.FINSALLUBLpartner" name="createloan" time="10.575"/>
  <testcase classname="testPartnership.UCpartner" name="earlysettlement" time="0.0">
    <ignored/>
  </testcase> <!-- earlysettlement -->
  <testcase classname="testPartnership.UCpartner" name="repayment" time="0.0">
    <ignored/>
  </testcase> <!-- repayment -->
  <testcase classname="testPartnership.UCpartner" name="status" time="0.0">
    <ignored/>
  </testcase> <!-- status -->
  <testcase classname="testPartnership.FINSALLUBLpartner" name="repayment" time="0.0">
    <ignored/>
  </testcase> <!-- repayment -->
  <testcase classname="testPartnership.FINSALLUBLpartner" name="status" time="0.0">
    <ignored/>
  </testcase> <!-- status -->
  <testcase classname="testPartnership.FINSALLUBLpartner" name="earlysettlement" time="0.0">
    <ignored/>
  </testcase> <!-- earlysettlement -->
</testsuite> <!-- Test -->
