<?xml version="1.0" encoding="UTF-8"?>
<testng-results ignored="6" total="10" passed="4" failed="0" skipped="0">
  <reporter-output>
  </reporter-output>
  <suite started-at="2025-05-27T18:56:35 IST" name="Suite" finished-at="2025-05-27T18:57:02 IST" duration-ms="26991">
    <groups>
      <group name="Customeronboarding">
        <method signature="UCpartner.Customeronboarding()[pri:0, instance:testPartnership.UCpartner@6a28ffa4]" name="Customeronboarding" class="testPartnership.UCpartner"/>
      </group> <!-- Customeronboarding -->
    </groups>
    <test started-at="2025-05-27T18:56:35 IST" name="Test" finished-at="2025-05-27T18:57:02 IST" duration-ms="26991">
      <class name="testPartnership.FINSALLUBLpartner">
        <test-method signature="Customeronboarding()[pri:1, instance:testPartnership.FINSALLUBLpartner@7a69b07]" started-at="2025-05-27T18:56:49 IST" name="Customeronboarding" finished-at="2025-05-27T18:57:02 IST" duration-ms="12346" status="PASS">
          <reporter-output>
          </reporter-output>
        </test-method> <!-- Customeronboarding -->
        <test-method signature="createloan()[pri:2, instance:testPartnership.FINSALLUBLpartner@7a69b07]" started-at="2025-05-27T18:57:02 IST" name="createloan" finished-at="2025-05-27T18:57:02 IST" duration-ms="243" status="PASS">
          <reporter-output>
          </reporter-output>
        </test-method> <!-- createloan -->
      </class> <!-- testPartnership.FINSALLUBLpartner -->
      <class name="testPartnership.UCpartner">
        <test-method signature="Customeronboarding()[pri:0, instance:testPartnership.UCpartner@6a28ffa4]" started-at="2025-05-27T18:56:35 IST" name="Customeronboarding" finished-at="2025-05-27T18:56:49 IST" duration-ms="14007" status="PASS">
          <reporter-output>
          </reporter-output>
        </test-method> <!-- Customeronboarding -->
        <test-method signature="createloan()[pri:0, instance:testPartnership.UCpartner@6a28ffa4]" started-at="2025-05-27T18:56:49 IST" name="createloan" finished-at="2025-05-27T18:56:49 IST" duration-ms="344" status="PASS">
          <reporter-output>
          </reporter-output>
        </test-method> <!-- createloan -->
      </class> <!-- testPartnership.UCpartner -->
    </test> <!-- Test -->
  </suite> <!-- Suite -->
</testng-results>
