<?xml version="1.0" encoding="UTF-8"?>
<testng-results ignored="6" total="10" passed="4" failed="0" skipped="0">
  <reporter-output>
  </reporter-output>
  <suite started-at="2025-04-28T14:26:41 IST" name="Suite" finished-at="2025-04-28T14:27:36 IST" duration-ms="55352">
    <groups>
      <group name="Customeronboarding">
        <method signature="UCpartner.Customeronboarding()[pri:0, instance:testPartnership.UCpartner@59fd97a8]" name="Customeronboarding" class="testPartnership.UCpartner"/>
      </group> <!-- Customeronboarding -->
    </groups>
    <test started-at="2025-04-28T14:26:41 IST" name="Test" finished-at="2025-04-28T14:27:36 IST" duration-ms="55352">
      <class name="testPartnership.FINSALLUBLpartner">
        <test-method signature="Customeronboarding()[pri:1, instance:testPartnership.FINSALLUBLpartner@4d9e68d0]" started-at="2025-04-28T14:27:06 IST" name="Customeronboarding" finished-at="2025-04-28T14:27:25 IST" duration-ms="19730" status="PASS">
          <reporter-output>
          </reporter-output>
        </test-method> <!-- Customeronboarding -->
        <test-method signature="createloan()[pri:2, instance:testPartnership.FINSALLUBLpartner@4d9e68d0]" started-at="2025-04-28T14:27:25 IST" name="createloan" finished-at="2025-04-28T14:27:36 IST" duration-ms="10575" status="PASS">
          <reporter-output>
          </reporter-output>
        </test-method> <!-- createloan -->
      </class> <!-- testPartnership.FINSALLUBLpartner -->
      <class name="testPartnership.UCpartner">
        <test-method signature="Customeronboarding()[pri:0, instance:testPartnership.UCpartner@59fd97a8]" started-at="2025-04-28T14:26:41 IST" name="Customeronboarding" finished-at="2025-04-28T14:27:02 IST" duration-ms="21521" status="PASS">
          <reporter-output>
          </reporter-output>
        </test-method> <!-- Customeronboarding -->
        <test-method signature="createloan()[pri:0, instance:testPartnership.UCpartner@59fd97a8]" started-at="2025-04-28T14:27:02 IST" name="createloan" finished-at="2025-04-28T14:27:06 IST" duration-ms="3476" status="PASS">
          <reporter-output>
          </reporter-output>
        </test-method> <!-- createloan -->
        <test-method is-config="true" signature="sendreportmai()[pri:0, instance:testPartnership.UCpartner@59fd97a8]" started-at="2025-04-28T14:27:36 IST" name="sendreportmai" finished-at="2025-04-28T14:27:36 IST" duration-ms="107" status="PASS">
          <reporter-output>
          </reporter-output>
        </test-method> <!-- sendreportmai -->
      </class> <!-- testPartnership.UCpartner -->
    </test> <!-- Test -->
  </suite> <!-- Suite -->
</testng-results>
