<?xml version="1.0" encoding="UTF-8"?>
<!-- Generated by org.testng.reporters.JUnitXMLReporter -->
<testsuite ignored="4" hostname="NFL-160" failures="0" tests="1" name="Command line test" time="14.352" errors="0" timestamp="2025-04-28T14:32:52 IST">
  <testcase classname="testPartnership.UCpartner" name="Customeronboarding" time="14.319"/>
  <testcase classname="testPartnership.UCpartner" name="earlysettlement" time="0.0">
    <ignored/>
  </testcase> <!-- earlysettlement -->
  <testcase classname="testPartnership.UCpartner" name="createloan" time="0.0">
    <ignored/>
  </testcase> <!-- createloan -->
  <testcase classname="testPartnership.UCpartner" name="repayment" time="0.0">
    <ignored/>
  </testcase> <!-- repayment -->
  <testcase classname="testPartnership.UCpartner" name="status" time="0.0">
    <ignored/>
  </testcase> <!-- status -->
</testsuite> <!-- Command line test -->
